<?xml version="1.0" encoding="utf-8" standalone="no"?>
<test-run id="2" testcasecount="56" result="Passed" total="56" passed="56" failed="0" inconclusive="0" skipped="0" asserts="75" engine-version="3.10.0.0" clr-version="4.0.30319.42000" start-time="2019-05-09 12:11:15Z" end-time="2019-05-09 12:11:38Z" duration="22.893026">
  <command-line><![CDATA[nunit3-console  ..\..\..\ProjectManager.Tests\bin\Debug\ProjectManager.Tests.dll]]></command-line>
  <test-suite type="Assembly" id="0-1059" name="ProjectManager.Tests.dll" fullname="ProjectManager.Tests.dll" runstate="Runnable" testcasecount="56" result="Passed" start-time="2019-05-09 12:11:24Z" end-time="2019-05-09 12:11:38Z" duration="14.264422" total="56" passed="56" failed="0" warnings="0" inconclusive="0" skipped="0" asserts="75">
    <environment framework-version="3.11.0.0" clr-version="4.0.30319.42000" os-version="Microsoft Windows NT 10.0.16299.0" platform="Win32NT" cwd="C:\FTDB022\FSE_Final_SBA_205113\03_Middle_Tier_Layer\ProjectManager\packages\NUnit.ConsoleRunner.3.10.0\tools" machine-name="DOTNET" user="Admin" user-domain="DOTNET" culture="en-IN" uiculture="en-US" os-architecture="x64" />
    <settings>
      <setting name="DisposeRunners" value="True" />
      <setting name="WorkDirectory" value="C:\FTDB022\FSE_Final_SBA_205113\03_Middle_Tier_Layer\ProjectManager\packages\NUnit.ConsoleRunner.3.10.0\tools" />
      <setting name="ImageRuntimeVersion" value="4.0.30319" />
      <setting name="ImageTargetFrameworkName" value=".NETFramework,Version=v4.6.1" />
      <setting name="ImageRequiresX86" value="False" />
      <setting name="ImageRequiresDefaultAppDomainAssemblyResolver" value="False" />
      <setting name="NumberOfTestWorkers" value="3" />
    </settings>
    <properties>
      <property name="_PID" value="11740" />
      <property name="_APPDOMAIN" value="domain-" />
    </properties>
    <test-suite type="TestSuite" id="0-1060" name="ProjectManager" fullname="ProjectManager" runstate="Runnable" testcasecount="56" result="Passed" start-time="2019-05-09 12:11:24Z" end-time="2019-05-09 12:11:38Z" duration="14.196259" total="56" passed="56" failed="0" warnings="0" inconclusive="0" skipped="0" asserts="75">
      <test-suite type="TestSuite" id="0-1061" name="Test" fullname="ProjectManager.Test" runstate="Runnable" testcasecount="56" result="Passed" start-time="2019-05-09 12:11:24Z" end-time="2019-05-09 12:11:38Z" duration="14.193252" total="56" passed="56" failed="0" warnings="0" inconclusive="0" skipped="0" asserts="75">
        <test-suite type="TestFixture" id="0-1000" name="ProjectControllerTest" fullname="ProjectManager.Test.ProjectControllerTest" classname="ProjectManager.Test.ProjectControllerTest" runstate="Runnable" testcasecount="19" result="Passed" start-time="2019-05-09 12:11:24Z" end-time="2019-05-09 12:11:38Z" duration="13.709523" total="19" passed="19" failed="0" warnings="0" inconclusive="0" skipped="0" asserts="24">
          <test-case id="0-1019" name="TestDeleteProject_CompletedTasksGreater" fullname="ProjectManager.Test.ProjectControllerTest.TestDeleteProject_CompletedTasksGreater" methodname="TestDeleteProject_CompletedTasksGreater" classname="ProjectManager.Test.ProjectControllerTest" runstate="Runnable" seed="1759730868" result="Passed" start-time="2019-05-09 12:11:24Z" end-time="2019-05-09 12:11:26Z" duration="2.093224" asserts="1" />
          <test-case id="0-1016" name="TestDeleteProject_NegativeProjectId" fullname="ProjectManager.Test.ProjectControllerTest.TestDeleteProject_NegativeProjectId" methodname="TestDeleteProject_NegativeProjectId" classname="ProjectManager.Test.ProjectControllerTest" runstate="Runnable" seed="401576468" result="Passed" start-time="2019-05-09 12:11:26Z" end-time="2019-05-09 12:11:26Z" duration="0.005267" asserts="1" />
          <test-case id="0-1018" name="TestDeleteProject_NegativeProjectIdInUser" fullname="ProjectManager.Test.ProjectControllerTest.TestDeleteProject_NegativeProjectIdInUser" methodname="TestDeleteProject_NegativeProjectIdInUser" classname="ProjectManager.Test.ProjectControllerTest" runstate="Runnable" seed="1212816855" result="Passed" start-time="2019-05-09 12:11:26Z" end-time="2019-05-09 12:11:26Z" duration="0.004258" asserts="1" />
          <test-case id="0-1015" name="TestDeleteProject_NoProjectAsParameter" fullname="ProjectManager.Test.ProjectControllerTest.TestDeleteProject_NoProjectAsParameter" methodname="TestDeleteProject_NoProjectAsParameter" classname="ProjectManager.Test.ProjectControllerTest" runstate="Runnable" seed="56037797" result="Passed" start-time="2019-05-09 12:11:26Z" end-time="2019-05-09 12:11:26Z" duration="0.128147" asserts="1" />
          <test-case id="0-1017" name="TestDeleteProject_UserNullInProject" fullname="ProjectManager.Test.ProjectControllerTest.TestDeleteProject_UserNullInProject" methodname="TestDeleteProject_UserNullInProject" classname="ProjectManager.Test.ProjectControllerTest" runstate="Runnable" seed="585411137" result="Passed" start-time="2019-05-09 12:11:26Z" end-time="2019-05-09 12:11:26Z" duration="0.004799" asserts="1" />
          <test-case id="0-1004" name="TestDeleteProjects_Success" fullname="ProjectManager.Test.ProjectControllerTest.TestDeleteProjects_Success" methodname="TestDeleteProjects_Success" classname="ProjectManager.Test.ProjectControllerTest" runstate="Runnable" seed="1742807630" result="Passed" start-time="2019-05-09 12:11:26Z" end-time="2019-05-09 12:11:26Z" duration="0.271587" asserts="2" />
          <test-case id="0-1001" name="TestGetProjects_Success" fullname="ProjectManager.Test.ProjectControllerTest.TestGetProjects_Success" methodname="TestGetProjects_Success" classname="ProjectManager.Test.ProjectControllerTest" runstate="Runnable" seed="989122766" result="Passed" start-time="2019-05-09 12:11:26Z" end-time="2019-05-09 12:11:36Z" duration="10.031569" asserts="3" />
          <test-case id="0-1009" name="TestInsertProject_CompletedTasksGreater" fullname="ProjectManager.Test.ProjectControllerTest.TestInsertProject_CompletedTasksGreater" methodname="TestInsertProject_CompletedTasksGreater" classname="ProjectManager.Test.ProjectControllerTest" runstate="Runnable" seed="2090019288" result="Passed" start-time="2019-05-09 12:11:36Z" end-time="2019-05-09 12:11:36Z" duration="0.007290" asserts="1" />
          <test-case id="0-1006" name="TestInsertProject_NegativeProjectId" fullname="ProjectManager.Test.ProjectControllerTest.TestInsertProject_NegativeProjectId" methodname="TestInsertProject_NegativeProjectId" classname="ProjectManager.Test.ProjectControllerTest" runstate="Runnable" seed="2119906333" result="Passed" start-time="2019-05-09 12:11:36Z" end-time="2019-05-09 12:11:36Z" duration="0.004121" asserts="1" />
          <test-case id="0-1008" name="TestInsertProject_NegativeProjectIdInUser" fullname="ProjectManager.Test.ProjectControllerTest.TestInsertProject_NegativeProjectIdInUser" methodname="TestInsertProject_NegativeProjectIdInUser" classname="ProjectManager.Test.ProjectControllerTest" runstate="Runnable" seed="383904709" result="Passed" start-time="2019-05-09 12:11:36Z" end-time="2019-05-09 12:11:36Z" duration="0.003863" asserts="1" />
          <test-case id="0-1005" name="TestInsertProject_NoProjectAsParameter" fullname="ProjectManager.Test.ProjectControllerTest.TestInsertProject_NoProjectAsParameter" methodname="TestInsertProject_NoProjectAsParameter" classname="ProjectManager.Test.ProjectControllerTest" runstate="Runnable" seed="20803258" result="Passed" start-time="2019-05-09 12:11:36Z" end-time="2019-05-09 12:11:36Z" duration="0.002991" asserts="1" />
          <test-case id="0-1007" name="TestInsertProject_UserNullInProject" fullname="ProjectManager.Test.ProjectControllerTest.TestInsertProject_UserNullInProject" methodname="TestInsertProject_UserNullInProject" classname="ProjectManager.Test.ProjectControllerTest" runstate="Runnable" seed="1239678386" result="Passed" start-time="2019-05-09 12:11:36Z" end-time="2019-05-09 12:11:36Z" duration="0.003614" asserts="1" />
          <test-case id="0-1002" name="TestInsertProjects_Success" fullname="ProjectManager.Test.ProjectControllerTest.TestInsertProjects_Success" methodname="TestInsertProjects_Success" classname="ProjectManager.Test.ProjectControllerTest" runstate="Runnable" seed="1235156260" result="Passed" start-time="2019-05-09 12:11:36Z" end-time="2019-05-09 12:11:38Z" duration="1.040778" asserts="2" />
          <test-case id="0-1014" name="TestUpdateProject_CompletedTasksGreater" fullname="ProjectManager.Test.ProjectControllerTest.TestUpdateProject_CompletedTasksGreater" methodname="TestUpdateProject_CompletedTasksGreater" classname="ProjectManager.Test.ProjectControllerTest" runstate="Runnable" seed="2105477251" result="Passed" start-time="2019-05-09 12:11:38Z" end-time="2019-05-09 12:11:38Z" duration="0.016112" asserts="1" />
          <test-case id="0-1011" name="TestUpdateProject_NegativeProjectId" fullname="ProjectManager.Test.ProjectControllerTest.TestUpdateProject_NegativeProjectId" methodname="TestUpdateProject_NegativeProjectId" classname="ProjectManager.Test.ProjectControllerTest" runstate="Runnable" seed="1843459844" result="Passed" start-time="2019-05-09 12:11:38Z" end-time="2019-05-09 12:11:38Z" duration="0.004175" asserts="1" />
          <test-case id="0-1013" name="TestUpdateProject_NegativeProjectIdInUser" fullname="ProjectManager.Test.ProjectControllerTest.TestUpdateProject_NegativeProjectIdInUser" methodname="TestUpdateProject_NegativeProjectIdInUser" classname="ProjectManager.Test.ProjectControllerTest" runstate="Runnable" seed="1453942664" result="Passed" start-time="2019-05-09 12:11:38Z" end-time="2019-05-09 12:11:38Z" duration="0.004135" asserts="1" />
          <test-case id="0-1010" name="TestUpdateProject_NoProjectAsParameter" fullname="ProjectManager.Test.ProjectControllerTest.TestUpdateProject_NoProjectAsParameter" methodname="TestUpdateProject_NoProjectAsParameter" classname="ProjectManager.Test.ProjectControllerTest" runstate="Runnable" seed="1979527555" result="Passed" start-time="2019-05-09 12:11:38Z" end-time="2019-05-09 12:11:38Z" duration="0.002876" asserts="1" />
          <test-case id="0-1012" name="TestUpdateProject_UserNullInProject" fullname="ProjectManager.Test.ProjectControllerTest.TestUpdateProject_UserNullInProject" methodname="TestUpdateProject_UserNullInProject" classname="ProjectManager.Test.ProjectControllerTest" runstate="Runnable" seed="143946598" result="Passed" start-time="2019-05-09 12:11:38Z" end-time="2019-05-09 12:11:38Z" duration="0.003653" asserts="1" />
          <test-case id="0-1003" name="TestUpdateProjects_Success" fullname="ProjectManager.Test.ProjectControllerTest.TestUpdateProjects_Success" methodname="TestUpdateProjects_Success" classname="ProjectManager.Test.ProjectControllerTest" runstate="Runnable" seed="335390431" result="Passed" start-time="2019-05-09 12:11:38Z" end-time="2019-05-09 12:11:38Z" duration="0.022585" asserts="2" />
        </test-suite>
        <test-suite type="TestFixture" id="0-1020" name="TaskControllerTest" fullname="ProjectManager.Test.TaskControllerTest" classname="ProjectManager.Test.TaskControllerTest" runstate="Runnable" testcasecount="19" result="Passed" start-time="2019-05-09 12:11:38Z" end-time="2019-05-09 12:11:38Z" duration="0.313500" total="19" passed="19" failed="0" warnings="0" inconclusive="0" skipped="0" asserts="28">
          <test-case id="0-1025" name="TestDeleteProjects_Success" fullname="ProjectManager.Test.TaskControllerTest.TestDeleteProjects_Success" methodname="TestDeleteProjects_Success" classname="ProjectManager.Test.TaskControllerTest" runstate="Runnable" seed="78075568" result="Passed" start-time="2019-05-09 12:11:38Z" end-time="2019-05-09 12:11:38Z" duration="0.039666" asserts="2" />
          <test-case id="0-1038" name="TestDeleteTask_NegativeProjectId" fullname="ProjectManager.Test.TaskControllerTest.TestDeleteTask_NegativeProjectId" methodname="TestDeleteTask_NegativeProjectId" classname="ProjectManager.Test.TaskControllerTest" runstate="Runnable" seed="1664663134" result="Passed" start-time="2019-05-09 12:11:38Z" end-time="2019-05-09 12:11:38Z" duration="0.002650" asserts="1" />
          <test-case id="0-1039" name="TestDeleteTask_NegativeTaskId" fullname="ProjectManager.Test.TaskControllerTest.TestDeleteTask_NegativeTaskId" methodname="TestDeleteTask_NegativeTaskId" classname="ProjectManager.Test.TaskControllerTest" runstate="Runnable" seed="2008397474" result="Passed" start-time="2019-05-09 12:11:38Z" end-time="2019-05-09 12:11:38Z" duration="0.003110" asserts="1" />
          <test-case id="0-1037" name="TestDeleteTask_NegativeTaskParentId" fullname="ProjectManager.Test.TaskControllerTest.TestDeleteTask_NegativeTaskParentId" methodname="TestDeleteTask_NegativeTaskParentId" classname="ProjectManager.Test.TaskControllerTest" runstate="Runnable" seed="473377961" result="Passed" start-time="2019-05-09 12:11:38Z" end-time="2019-05-09 12:11:38Z" duration="0.002538" asserts="1" />
          <test-case id="0-1036" name="TestDeleteTask_NullTaskObject" fullname="ProjectManager.Test.TaskControllerTest.TestDeleteTask_NullTaskObject" methodname="TestDeleteTask_NullTaskObject" classname="ProjectManager.Test.TaskControllerTest" runstate="Runnable" seed="446866705" result="Passed" start-time="2019-05-09 12:11:38Z" end-time="2019-05-09 12:11:38Z" duration="0.002345" asserts="1" />
          <test-case id="0-1030" name="TestInsertTask_NegativeProjectId" fullname="ProjectManager.Test.TaskControllerTest.TestInsertTask_NegativeProjectId" methodname="TestInsertTask_NegativeProjectId" classname="ProjectManager.Test.TaskControllerTest" runstate="Runnable" seed="42754888" result="Passed" start-time="2019-05-09 12:11:38Z" end-time="2019-05-09 12:11:38Z" duration="0.006313" asserts="1" />
          <test-case id="0-1031" name="TestInsertTask_NegativeTaskId" fullname="ProjectManager.Test.TaskControllerTest.TestInsertTask_NegativeTaskId" methodname="TestInsertTask_NegativeTaskId" classname="ProjectManager.Test.TaskControllerTest" runstate="Runnable" seed="2091294923" result="Passed" start-time="2019-05-09 12:11:38Z" end-time="2019-05-09 12:11:38Z" duration="0.002482" asserts="1" />
          <test-case id="0-1029" name="TestInsertTask_NegativeTaskParentId" fullname="ProjectManager.Test.TaskControllerTest.TestInsertTask_NegativeTaskParentId" methodname="TestInsertTask_NegativeTaskParentId" classname="ProjectManager.Test.TaskControllerTest" runstate="Runnable" seed="806228317" result="Passed" start-time="2019-05-09 12:11:38Z" end-time="2019-05-09 12:11:38Z" duration="0.002486" asserts="1" />
          <test-case id="0-1028" name="TestInsertTask_NullTaskObject" fullname="ProjectManager.Test.TaskControllerTest.TestInsertTask_NullTaskObject" methodname="TestInsertTask_NullTaskObject" classname="ProjectManager.Test.TaskControllerTest" runstate="Runnable" seed="1100554719" result="Passed" start-time="2019-05-09 12:11:38Z" end-time="2019-05-09 12:11:38Z" duration="0.002312" asserts="1" />
          <test-case id="0-1023" name="TestInsertTasks_Success" fullname="ProjectManager.Test.TaskControllerTest.TestInsertTasks_Success" methodname="TestInsertTasks_Success" classname="ProjectManager.Test.TaskControllerTest" runstate="Runnable" seed="1458943332" result="Passed" start-time="2019-05-09 12:11:38Z" end-time="2019-05-09 12:11:38Z" duration="0.091205" asserts="2" />
          <test-case id="0-1022" name="TestRetrieveParentTasks_Success" fullname="ProjectManager.Test.TaskControllerTest.TestRetrieveParentTasks_Success" methodname="TestRetrieveParentTasks_Success" classname="ProjectManager.Test.TaskControllerTest" runstate="Runnable" seed="2062942069" result="Passed" start-time="2019-05-09 12:11:38Z" end-time="2019-05-09 12:11:38Z" duration="0.021526" asserts="3" />
          <test-case id="0-1027" name="TestRetrieveTaskByProjectId_NegativeTaskId" fullname="ProjectManager.Test.TaskControllerTest.TestRetrieveTaskByProjectId_NegativeTaskId" methodname="TestRetrieveTaskByProjectId_NegativeTaskId" classname="ProjectManager.Test.TaskControllerTest" runstate="Runnable" seed="1887462458" result="Passed" start-time="2019-05-09 12:11:38Z" end-time="2019-05-09 12:11:38Z" duration="0.004613" asserts="1" />
          <test-case id="0-1026" name="TestRetrieveTaskByProjectId_Success" fullname="ProjectManager.Test.TaskControllerTest.TestRetrieveTaskByProjectId_Success" methodname="TestRetrieveTaskByProjectId_Success" classname="ProjectManager.Test.TaskControllerTest" runstate="Runnable" seed="693796681" result="Passed" start-time="2019-05-09 12:11:38Z" end-time="2019-05-09 12:11:38Z" duration="0.069826" asserts="4" />
          <test-case id="0-1021" name="TestRetrieveTasks_Success" fullname="ProjectManager.Test.TaskControllerTest.TestRetrieveTasks_Success" methodname="TestRetrieveTasks_Success" classname="ProjectManager.Test.TaskControllerTest" runstate="Runnable" seed="704732518" result="Passed" start-time="2019-05-09 12:11:38Z" end-time="2019-05-09 12:11:38Z" duration="0.024084" asserts="2" />
          <test-case id="0-1024" name="TestUpdateProjects_Success" fullname="ProjectManager.Test.TaskControllerTest.TestUpdateProjects_Success" methodname="TestUpdateProjects_Success" classname="ProjectManager.Test.TaskControllerTest" runstate="Runnable" seed="1436452206" result="Passed" start-time="2019-05-09 12:11:38Z" end-time="2019-05-09 12:11:38Z" duration="0.024665" asserts="2" />
          <test-case id="0-1034" name="TestUpdateTask_NegativeProjectId" fullname="ProjectManager.Test.TaskControllerTest.TestUpdateTask_NegativeProjectId" methodname="TestUpdateTask_NegativeProjectId" classname="ProjectManager.Test.TaskControllerTest" runstate="Runnable" seed="212247843" result="Passed" start-time="2019-05-09 12:11:38Z" end-time="2019-05-09 12:11:38Z" duration="0.003143" asserts="1" />
          <test-case id="0-1035" name="TestUpdateTask_NegativeTaskId" fullname="ProjectManager.Test.TaskControllerTest.TestUpdateTask_NegativeTaskId" methodname="TestUpdateTask_NegativeTaskId" classname="ProjectManager.Test.TaskControllerTest" runstate="Runnable" seed="305038369" result="Passed" start-time="2019-05-09 12:11:38Z" end-time="2019-05-09 12:11:38Z" duration="0.003418" asserts="1" />
          <test-case id="0-1033" name="TestUpdateTask_NegativeTaskParentId" fullname="ProjectManager.Test.TaskControllerTest.TestUpdateTask_NegativeTaskParentId" methodname="TestUpdateTask_NegativeTaskParentId" classname="ProjectManager.Test.TaskControllerTest" runstate="Runnable" seed="1369608875" result="Passed" start-time="2019-05-09 12:11:38Z" end-time="2019-05-09 12:11:38Z" duration="0.002539" asserts="1" />
          <test-case id="0-1032" name="TestUpdateTask_NullTaskObject" fullname="ProjectManager.Test.TaskControllerTest.TestUpdateTask_NullTaskObject" methodname="TestUpdateTask_NullTaskObject" classname="ProjectManager.Test.TaskControllerTest" runstate="Runnable" seed="618460796" result="Passed" start-time="2019-05-09 12:11:38Z" end-time="2019-05-09 12:11:38Z" duration="0.002357" asserts="1" />
        </test-suite>
        <test-suite type="TestFixture" id="0-1040" name="UserControllerTest" fullname="ProjectManager.Test.UserControllerTest" classname="ProjectManager.Test.UserControllerTest" runstate="Runnable" testcasecount="18" result="Passed" start-time="2019-05-09 12:11:38Z" end-time="2019-05-09 12:11:38Z" duration="0.151577" total="18" passed="18" failed="0" warnings="0" inconclusive="0" skipped="0" asserts="23">
          <test-case id="0-1046" name="TestDeleteUser_InvalidEmployeeId" fullname="ProjectManager.Test.UserControllerTest.TestDeleteUser_InvalidEmployeeId" methodname="TestDeleteUser_InvalidEmployeeId" classname="ProjectManager.Test.UserControllerTest" runstate="Runnable" seed="1087326514" result="Passed" start-time="2019-05-09 12:11:38Z" end-time="2019-05-09 12:11:38Z" duration="0.012178" asserts="1" />
          <test-case id="0-1048" name="TestDeleteUser_InvalidProjectIdFormat" fullname="ProjectManager.Test.UserControllerTest.TestDeleteUser_InvalidProjectIdFormat" methodname="TestDeleteUser_InvalidProjectIdFormat" classname="ProjectManager.Test.UserControllerTest" runstate="Runnable" seed="1918957158" result="Passed" start-time="2019-05-09 12:11:38Z" end-time="2019-05-09 12:11:38Z" duration="0.003790" asserts="1" />
          <test-case id="0-1047" name="TestDeleteUser_NegativeEmployeeId" fullname="ProjectManager.Test.UserControllerTest.TestDeleteUser_NegativeEmployeeId" methodname="TestDeleteUser_NegativeEmployeeId" classname="ProjectManager.Test.UserControllerTest" runstate="Runnable" seed="207628249" result="Passed" start-time="2019-05-09 12:11:38Z" end-time="2019-05-09 12:11:38Z" duration="0.003508" asserts="1" />
          <test-case id="0-1049" name="TestDeleteUser_NegativeUserIdFormat" fullname="ProjectManager.Test.UserControllerTest.TestDeleteUser_NegativeUserIdFormat" methodname="TestDeleteUser_NegativeUserIdFormat" classname="ProjectManager.Test.UserControllerTest" runstate="Runnable" seed="1128972473" result="Passed" start-time="2019-05-09 12:11:38Z" end-time="2019-05-09 12:11:38Z" duration="0.003533" asserts="1" />
          <test-case id="0-1044" name="TestDeleteUser_Success" fullname="ProjectManager.Test.UserControllerTest.TestDeleteUser_Success" methodname="TestDeleteUser_Success" classname="ProjectManager.Test.UserControllerTest" runstate="Runnable" seed="1019210318" result="Passed" start-time="2019-05-09 12:11:38Z" end-time="2019-05-09 12:11:38Z" duration="0.013116" asserts="2" />
          <test-case id="0-1045" name="TestDeleteUser_UserNullException" fullname="ProjectManager.Test.UserControllerTest.TestDeleteUser_UserNullException" methodname="TestDeleteUser_UserNullException" classname="ProjectManager.Test.UserControllerTest" runstate="Runnable" seed="883783352" result="Passed" start-time="2019-05-09 12:11:38Z" end-time="2019-05-09 12:11:38Z" duration="0.004592" asserts="1" />
          <test-case id="0-1041" name="TestGetUser_Success" fullname="ProjectManager.Test.UserControllerTest.TestGetUser_Success" methodname="TestGetUser_Success" classname="ProjectManager.Test.UserControllerTest" runstate="Runnable" seed="668825651" result="Passed" start-time="2019-05-09 12:11:38Z" end-time="2019-05-09 12:11:38Z" duration="0.017823" asserts="3" />
          <test-case id="0-1056" name="TestInsertUser_InvalidEmployeeId" fullname="ProjectManager.Test.UserControllerTest.TestInsertUser_InvalidEmployeeId" methodname="TestInsertUser_InvalidEmployeeId" classname="ProjectManager.Test.UserControllerTest" runstate="Runnable" seed="1257961451" result="Passed" start-time="2019-05-09 12:11:38Z" end-time="2019-05-09 12:11:38Z" duration="0.006942" asserts="1" />
          <test-case id="0-1058" name="TestInsertUser_InvalidProjectIdFormat" fullname="ProjectManager.Test.UserControllerTest.TestInsertUser_InvalidProjectIdFormat" methodname="TestInsertUser_InvalidProjectIdFormat" classname="ProjectManager.Test.UserControllerTest" runstate="Runnable" seed="1353852531" result="Passed" start-time="2019-05-09 12:11:38Z" end-time="2019-05-09 12:11:38Z" duration="0.003841" asserts="1" />
          <test-case id="0-1057" name="TestInsertUser_NegativeEmployeeId" fullname="ProjectManager.Test.UserControllerTest.TestInsertUser_NegativeEmployeeId" methodname="TestInsertUser_NegativeEmployeeId" classname="ProjectManager.Test.UserControllerTest" runstate="Runnable" seed="1893223520" result="Passed" start-time="2019-05-09 12:11:38Z" end-time="2019-05-09 12:11:38Z" duration="0.003468" asserts="1" />
          <test-case id="0-1042" name="TestInsertUser_Success" fullname="ProjectManager.Test.UserControllerTest.TestInsertUser_Success" methodname="TestInsertUser_Success" classname="ProjectManager.Test.UserControllerTest" runstate="Runnable" seed="828300343" result="Passed" start-time="2019-05-09 12:11:38Z" end-time="2019-05-09 12:11:38Z" duration="0.040501" asserts="2" />
          <test-case id="0-1055" name="TestInsertUser_UserNullException" fullname="ProjectManager.Test.UserControllerTest.TestInsertUser_UserNullException" methodname="TestInsertUser_UserNullException" classname="ProjectManager.Test.UserControllerTest" runstate="Runnable" seed="1403756890" result="Passed" start-time="2019-05-09 12:11:38Z" end-time="2019-05-09 12:11:38Z" duration="0.003671" asserts="1" />
          <test-case id="0-1051" name="TestUpdateUser_InvalidEmployeeId" fullname="ProjectManager.Test.UserControllerTest.TestUpdateUser_InvalidEmployeeId" methodname="TestUpdateUser_InvalidEmployeeId" classname="ProjectManager.Test.UserControllerTest" runstate="Runnable" seed="169658868" result="Passed" start-time="2019-05-09 12:11:38Z" end-time="2019-05-09 12:11:38Z" duration="0.007226" asserts="1" />
          <test-case id="0-1053" name="TestUpdateUser_InvalidProjectIdFormat" fullname="ProjectManager.Test.UserControllerTest.TestUpdateUser_InvalidProjectIdFormat" methodname="TestUpdateUser_InvalidProjectIdFormat" classname="ProjectManager.Test.UserControllerTest" runstate="Runnable" seed="587093715" result="Passed" start-time="2019-05-09 12:11:38Z" end-time="2019-05-09 12:11:38Z" duration="0.003454" asserts="1" />
          <test-case id="0-1052" name="TestUpdateUser_NegativeEmployeeId" fullname="ProjectManager.Test.UserControllerTest.TestUpdateUser_NegativeEmployeeId" methodname="TestUpdateUser_NegativeEmployeeId" classname="ProjectManager.Test.UserControllerTest" runstate="Runnable" seed="624380743" result="Passed" start-time="2019-05-09 12:11:38Z" end-time="2019-05-09 12:11:38Z" duration="0.003482" asserts="1" />
          <test-case id="0-1054" name="TestUpdateUser_NegativeUserIdFormat" fullname="ProjectManager.Test.UserControllerTest.TestUpdateUser_NegativeUserIdFormat" methodname="TestUpdateUser_NegativeUserIdFormat" classname="ProjectManager.Test.UserControllerTest" runstate="Runnable" seed="868790602" result="Passed" start-time="2019-05-09 12:11:38Z" end-time="2019-05-09 12:11:38Z" duration="0.003845" asserts="1" />
          <test-case id="0-1043" name="TestUpdateUser_Success" fullname="ProjectManager.Test.UserControllerTest.TestUpdateUser_Success" methodname="TestUpdateUser_Success" classname="ProjectManager.Test.UserControllerTest" runstate="Runnable" seed="904752829" result="Passed" start-time="2019-05-09 12:11:38Z" end-time="2019-05-09 12:11:38Z" duration="0.011103" asserts="2" />
          <test-case id="0-1050" name="TestUpdateUser_UserNullException" fullname="ProjectManager.Test.UserControllerTest.TestUpdateUser_UserNullException" methodname="TestUpdateUser_UserNullException" classname="ProjectManager.Test.UserControllerTest" runstate="Runnable" seed="1986227335" result="Passed" start-time="2019-05-09 12:11:38Z" end-time="2019-05-09 12:11:38Z" duration="0.003525" asserts="1" />
        </test-suite>
      </test-suite>
    </test-suite>
  </test-suite>
</test-run>